
> @jessie/ui@1.0.0 build
> tsc

../../apps/web/__tests__/integration/email-ingestion.test.ts(2,30): error TS2307: Cannot find module '@lib/gmail/service' or its corresponding type declarations.
../../apps/web/__tests__/integration/email-ingestion.test.ts(3,33): error TS2307: Cannot find module '@lib/repositories/emailRepository' or its corresponding type declarations.
../../apps/web/__tests__/integration/oauth-flow.test.ts(58,69): error TS2307: Cannot find module '@lib/security' or its corresponding type declarations.
../../apps/web/__tests__/integration/oauth-flow.test.ts(150,47): error TS2307: Cannot find module '@lib/security' or its corresponding type declarations.
../../apps/web/__tests__/integration/oauth-flow.test.ts(181,47): error TS2307: Cannot find module '@lib/security' or its corresponding type declarations.
../../apps/web/app/api/auth/google/callback/__tests__/route.test.ts(134,53): error TS2307: Cannot find module '@lib/security' or its corresponding type declarations.
../../apps/web/app/api/auth/google/callback/__tests__/route.test.ts(166,47): error TS2307: Cannot find module '@lib/security' or its corresponding type declarations.
../../apps/web/app/api/auth/google/callback/__tests__/route.test.ts(185,101): error TS2307: Cannot find module '@lib/security' or its corresponding type declarations.
../../apps/web/app/api/auth/google/callback/route.ts(10,8): error TS2307: Cannot find module '@lib/security' or its corresponding type declarations.
../../apps/web/app/api/auth/google/login/__tests__/route.test.ts(63,88): error TS2307: Cannot find module '@lib/security' or its corresponding type declarations.
../../apps/web/app/api/auth/google/login/__tests__/route.test.ts(113,52): error TS2307: Cannot find module '@lib/security' or its corresponding type declarations.
../../apps/web/app/api/auth/google/login/__tests__/route.test.ts(132,47): error TS2307: Cannot find module '@lib/security' or its corresponding type declarations.
../../apps/web/app/api/auth/google/login/route.ts(10,8): error TS2307: Cannot find module '@lib/security' or its corresponding type declarations.
../../apps/web/app/api/chat/messages/__tests__/route.test.ts(299,47): error TS2307: Cannot find module '@/lib/security' or its corresponding type declarations.
../../apps/web/app/api/chat/messages/route.ts(5,45): error TS2307: Cannot find module '@/lib/security' or its corresponding type declarations.
../../apps/web/app/api/chat/messages/route.ts(7,38): error TS2307: Cannot find module '@/lib/services/vectorizationService' or its corresponding type declarations.
../../apps/web/app/api/chat/messages/route.ts(8,34): error TS2307: Cannot find module '@/lib/repositories/vectorRepository' or its corresponding type declarations.
../../apps/web/app/api/chat/messages/route.ts(113,50): error TS7006: Parameter 'result' implicitly has an 'any' type.
../../apps/web/app/api/chats/[chatId]/messages/route.ts(4,45): error TS2307: Cannot find module '@/lib/security' or its corresponding type declarations.
../../apps/web/app/api/chats/__tests__/route.test.ts(134,47): error TS2307: Cannot find module '@/lib/security' or its corresponding type declarations.
../../apps/web/app/api/chats/route.ts(5,45): error TS2307: Cannot find module '@/lib/security' or its corresponding type declarations.
../../apps/web/app/api/cron/email-sync/__tests__/route.test.ts(5,30): error TS2307: Cannot find module '@lib/gmail/service' or its corresponding type declarations.
../../apps/web/app/api/cron/email-sync/__tests__/route.test.ts(6,33): error TS2307: Cannot find module '@lib/repositories/emailRepository' or its corresponding type declarations.
../../apps/web/app/api/cron/email-sync/route.ts(3,30): error TS2307: Cannot find module '@lib/gmail/service' or its corresponding type declarations.
../../apps/web/app/api/cron/email-sync/route.ts(4,33): error TS2307: Cannot find module '@lib/repositories/emailRepository' or its corresponding type declarations.
../../apps/web/app/api/cron/email-sync/route.ts(5,40): error TS2307: Cannot find module '@lib/repositories/filterConfigRepository' or its corresponding type declarations.
../../apps/web/app/api/cron/email-sync/route.ts(6,29): error TS2307: Cannot find module '@lib/filters/emailFilter' or its corresponding type declarations.
../../apps/web/app/api/cron/email-sync/route.ts(7,28): error TS2307: Cannot find module '@lib/parsers/htmlParser' or its corresponding type declarations.
../../apps/web/app/api/cron/email-sync/route.ts(8,37): error TS2307: Cannot find module '@lib/parsers/attachmentProcessor' or its corresponding type declarations.
../../apps/web/app/api/cron/email-sync/route.ts(9,38): error TS2307: Cannot find module '@lib/services/vectorizationService' or its corresponding type declarations.
../../apps/web/app/api/cron/email-sync/route.ts(155,33): error TS7006: Parameter 'email' implicitly has an 'any' type.
../../apps/web/app/api/cron/email-sync/route.ts(181,27): error TS7006: Parameter 'data' implicitly has an 'any' type.
../../apps/web/app/api/cron/email-sync/route.ts(182,24): error TS7006: Parameter 'data' implicitly has an 'any' type.
../../apps/web/app/api/cron/email-sync/route.ts(190,28): error TS7006: Parameter 'attachment' implicitly has an 'any' type.
../../apps/web/app/api/cron/email-sync/route.ts(341,55): error TS7006: Parameter 'error' implicitly has an 'any' type.
../../apps/web/app/api/indexing/sync/route.ts(5,30): error TS2307: Cannot find module '@lib/gmail/service' or its corresponding type declarations.
../../apps/web/app/api/indexing/sync/route.ts(6,33): error TS2307: Cannot find module '@lib/repositories/emailRepository' or its corresponding type declarations.
../../apps/web/app/api/indexing/sync/route.ts(7,40): error TS2307: Cannot find module '@lib/repositories/filterConfigRepository' or its corresponding type declarations.
../../apps/web/app/api/indexing/sync/route.ts(8,29): error TS2307: Cannot find module '@lib/filters/emailFilter' or its corresponding type declarations.
../../apps/web/app/api/indexing/sync/route.ts(9,28): error TS2307: Cannot find module '@lib/parsers/htmlParser' or its corresponding type declarations.
../../apps/web/app/api/indexing/sync/route.ts(10,37): error TS2307: Cannot find module '@lib/parsers/attachmentProcessor' or its corresponding type declarations.
../../apps/web/app/api/indexing/sync/route.ts(154,33): error TS7006: Parameter 'email' implicitly has an 'any' type.
../../apps/web/app/api/indexing/sync/route.ts(176,27): error TS7006: Parameter 'data' implicitly has an 'any' type.
../../apps/web/app/api/indexing/sync/route.ts(177,24): error TS7006: Parameter 'data' implicitly has an 'any' type.
../../apps/web/app/api/indexing/sync/route.ts(184,28): error TS7006: Parameter 'attachment' implicitly has an 'any' type.
../../apps/web/app/dashboard/page.tsx(3,28): error TS2307: Cannot find module '@/components/features/chat/ChatLayout' or its corresponding type declarations.
../../apps/web/app/dashboard/page.tsx(4,31): error TS2307: Cannot find module '@/components/features/chat/ChatInterface' or its corresponding type declarations.
../../apps/web/app/dashboard/page.tsx(5,29): error TS2307: Cannot find module '@/components/features/chat/ChatSidebar' or its corresponding type declarations.
../../apps/web/app/dashboard/settings/page.tsx(3,30): error TS2307: Cannot find module '@/components/features/settings/SettingsPage' or its corresponding type declarations.
../../apps/web/components/features/chat/ChatLayout.tsx(4,24): error TS2307: Cannot find module '@/components/ui/button' or its corresponding type declarations.
../../apps/web/components/features/chat/ChatList.tsx(5,24): error TS2307: Cannot find module '@/components/ui/button' or its corresponding type declarations.
../../apps/web/components/features/chat/ChatList.tsx(6,23): error TS2307: Cannot find module '@/components/ui/input' or its corresponding type declarations.
../../apps/web/components/features/chat/ChatList.tsx(115,24): error TS7006: Parameter 'e' implicitly has an 'any' type.
../../apps/web/components/features/chat/ChatList.tsx(116,25): error TS7006: Parameter 'e' implicitly has an 'any' type.
../../apps/web/components/features/chat/ChatPage.tsx(52,13): error TS2322: Type '{ message: string; onClose: () => void; onRetry: () => void; }' is not assignable to type 'IntrinsicAttributes & ErrorAlertProps'.
  Property 'onClose' does not exist on type 'IntrinsicAttributes & ErrorAlertProps'.
../../apps/web/components/features/chat/MessageInput.tsx(4,24): error TS2307: Cannot find module '@/components/ui/button' or its corresponding type declarations.
../../apps/web/components/features/chat/MessageItem.tsx(6,24): error TS2307: Cannot find module '@/components/ui/button' or its corresponding type declarations.
../../apps/web/components/ui/button.tsx(5,20): error TS2307: Cannot find module '@/lib/utils' or its corresponding type declarations.
../../apps/web/components/ui/card.tsx(3,20): error TS2307: Cannot find module '@/lib/utils' or its corresponding type declarations.
../../apps/web/components/ui/input.tsx(3,20): error TS2307: Cannot find module '@/lib/utils' or its corresponding type declarations.
../../apps/web/lib/__tests__/setup.ts(45,15): error TS2540: Cannot assign to 'NODE_ENV' because it is a read-only property.
../../apps/web/lib/__tests__/vectorizationPerformance.test.ts(217,65): error TS2353: Object literal may only specify known properties, and 'useCache' does not exist in type 'VectorizationOptions'.
../../apps/web/lib/__tests__/vectorizationPerformance.test.ts(234,66): error TS2353: Object literal may only specify known properties, and 'useCache' does not exist in type 'VectorizationOptions'.
../../apps/web/lib/auth-server.ts(38,40): error TS2769: No overload matches this call.
  Overload 1 of 2, '(supabaseUrl: string, supabaseKey: string, options?: (SupabaseClientOptions<"public"> & { cookies?: CookieMethodsBrowser | undefined; cookieOptions?: CookieOptionsWithName | undefined; cookieEncoding?: "raw" | ... 1 more ... | undefined; isSingleton?: boolean | undefined; }) | undefined): SupabaseClient<...>', gave the following error.
    Argument of type 'string | undefined' is not assignable to parameter of type 'string'.
      Type 'undefined' is not assignable to type 'string'.
  Overload 2 of 2, '(supabaseUrl: string, supabaseKey: string, options?: (SupabaseClientOptions<"public"> & { cookies: CookieMethodsBrowserDeprecated; cookieOptions?: CookieOptionsWithName | undefined; cookieEncoding?: "raw" | ... 1 more ... | undefined; isSingleton?: boolean | undefined; }) | undefined): SupabaseClient<...>', gave the following error.
    Argument of type 'string | undefined' is not assignable to parameter of type 'string'.
      Type 'undefined' is not assignable to type 'string'.
../../apps/web/lib/auth-server.ts(81,43): error TS18047: 'supabase' is possibly 'null'.
../../apps/web/lib/parsers/__tests__/attachmentProcessor.test.ts(45,5): error TS2739: Type '{ id: string; filename: string; mime_type: string; size: number; }' is missing the following properties from type 'AttachmentInfo': email_id, google_attachment_id, created_at
../../apps/web/lib/parsers/__tests__/attachmentProcessor.test.ts(52,5): error TS2739: Type '{ id: string; filename: string; mime_type: string; size: number; }' is missing the following properties from type 'AttachmentInfo': email_id, google_attachment_id, created_at
../../apps/web/lib/parsers/__tests__/attachmentProcessor.test.ts(85,9): error TS2739: Type '{ id: string; filename: string; mime_type: string; size: number; }' is missing the following properties from type 'AttachmentInfo': email_id, google_attachment_id, created_at
../../apps/web/lib/parsers/__tests__/attachmentProcessor.test.ts(91,9): error TS2739: Type '{ id: string; filename: string; mime_type: string; size: number; }' is missing the following properties from type 'AttachmentInfo': email_id, google_attachment_id, created_at
../../apps/web/lib/parsers/__tests__/attachmentProcessor.test.ts(131,13): error TS2739: Type '{ id: string; filename: string; mime_type: string; size: number; }' is missing the following properties from type 'AttachmentInfo': email_id, google_attachment_id, created_at
../../apps/web/lib/parsers/__tests__/attachmentProcessor.test.ts(143,13): error TS2739: Type '{ id: string; filename: string; mime_type: string; size: number; }' is missing the following properties from type 'AttachmentInfo': email_id, google_attachment_id, created_at
../../apps/web/lib/parsers/__tests__/attachmentProcessor.test.ts(158,13): error TS2739: Type '{ id: string; filename: string; mime_type: string; size: number; }' is missing the following properties from type 'AttachmentInfo': email_id, google_attachment_id, created_at
../../apps/web/lib/parsers/__tests__/attachmentProcessor.test.ts(202,13): error TS2739: Type '{ id: string; filename: string; mime_type: string; size: number; }' is missing the following properties from type 'AttachmentInfo': email_id, google_attachment_id, created_at
../../apps/web/lib/parsers/__tests__/attachmentProcessor.test.ts(244,13): error TS2739: Type '{ id: string; filename: string; mime_type: string; size: number; }' is missing the following properties from type 'AttachmentInfo': email_id, google_attachment_id, created_at
../../apps/web/lib/parsers/__tests__/attachmentProcessor.test.ts(300,13): error TS2739: Type '{ id: string; filename: string; mime_type: string; size: number; }' is missing the following properties from type 'AttachmentInfo': email_id, google_attachment_id, created_at
../../apps/web/lib/parsers/__tests__/attachmentProcessor.test.ts(307,13): error TS2739: Type '{ id: string; filename: string; mime_type: string; size: number; }' is missing the following properties from type 'AttachmentInfo': email_id, google_attachment_id, created_at
../../apps/web/lib/parsers/docxParser.ts(37,49): error TS2345: Argument of type '(image: any) => { src: string; }' is not assignable to parameter of type '(image: Image) => Promise<ImageAttributes>'.
  Type '{ src: string; }' is missing the following properties from type 'Promise<ImageAttributes>': then, catch, finally, [Symbol.toStringTag]
../../apps/web/lib/parsers/docxParser.ts(46,63): error TS2554: Expected 1 arguments, but got 2.
../../apps/web/lib/parsers/docxParser.ts(49,54): error TS2345: Argument of type 'Buffer<ArrayBufferLike>' is not assignable to parameter of type 'Input'.
  Type 'Buffer<ArrayBufferLike>' is not assignable to type 'BufferInput'.
    Types of property 'buffer' are incompatible.
      Type 'ArrayBufferLike' is not assignable to type 'Buffer<ArrayBufferLike>'.
        Type 'ArrayBuffer' is missing the following properties from type 'Buffer<ArrayBufferLike>': subarray, write, toJSON, equals, and 94 more.
../../apps/web/lib/parsers/docxParser.ts(185,54): error TS2345: Argument of type 'Buffer<ArrayBufferLike>' is not assignable to parameter of type 'Input'.
  Type 'Buffer<ArrayBufferLike>' is not assignable to type 'BufferInput'.
    Types of property 'buffer' are incompatible.
      Type 'ArrayBufferLike' is not assignable to type 'Buffer<ArrayBufferLike>'.
        Type 'ArrayBuffer' is missing the following properties from type 'Buffer<ArrayBufferLike>': subarray, write, toJSON, equals, and 94 more.
../../apps/web/lib/parsers/docxParser.ts(236,23): error TS2345: Argument of type 'string[][]' is not assignable to parameter of type 'string[]'.
  Type 'string[]' is not assignable to type 'string'.
../../apps/web/lib/parsers/htmlParser.ts(22,9): error TS2353: Object literal may only specify known properties, and 'decodeEntities' does not exist in type 'CheerioOptions'.
../../apps/web/lib/parsers/htmlParser.ts(39,48): error TS2554: Expected 1 arguments, but got 2.
../../apps/web/lib/parsers/pdfParser.ts(1,17): error TS7016: Could not find a declaration file for module 'pdf-parse'. '/Users/max/Documents/Coding/Jessie/node_modules/pdf-parse/index.js' implicitly has an 'any' type.
  Try `npm i --save-dev @types/pdf-parse` if it exists or add a new declaration (.d.ts) file containing `declare module 'pdf-parse';`
../../apps/web/lib/services/asyncAttachmentProcessor.ts(233,25): error TS2683: 'this' implicitly has type 'any' because it does not have a type annotation.
../../apps/web/lib/types.ts(15,8): error TS2307: Cannot find module '@packages/lib' or its corresponding type declarations.
npm error Lifecycle script `build` failed with error:
npm error code 2
npm error path /Users/max/Documents/Coding/Jessie/packages/ui
npm error workspace @jessie/ui@1.0.0
npm error location /Users/max/Documents/Coding/Jessie/packages/ui
npm error command failed
npm error command sh -c tsc
